[handleMsg]:  {
  key: {
    remoteJid: '5493764861704@s.whatsapp.net',
    fromMe: false,
    id: '3EB05D910892DD09B0D7',
    participant: undefined
  },
  messageTimestamp: 1674786646,
  pushName: 'Joel Nicolas Sartori',
  message: Message {
    messageContextInfo: MessageContextInfo {
      deviceListMetadata: [DeviceListMetadata],
      deviceListMetadataVersion: 2
    },
    buttonsResponseMessage: ButtonsResponseMessage {
      selectedButtonId: 'id-btn-3',
      selectedDisplayText: '4 - DRACOZOLT',
      contextInfo: [ContextInfo],
      type: 1
    }
  },
  body: '4 - DRACOZOLT',
  from: '5493764861704'
}
[handleMsg]:  {
  key: {
    remoteJid: '5493764861704@s.whatsapp.net',
    fromMe: false,
    id: '3EB06357D20331E624CA',
    participant: undefined
  },
  messageTimestamp: 1674786654,
  pushName: 'Joel Nicolas Sartori',
  message: Message {
    conversation: 'adivinar',
    messageContextInfo: MessageContextInfo {
      deviceListMetadata: [DeviceListMetadata],
      deviceListMetadataVersion: 2
    }
  },
  body: 'adivinar',
  from: '5493764861704'
}
[handleMsg]:  {
  key: {
    remoteJid: '5493764861704@s.whatsapp.net',
    fromMe: false,
    id: '3EB0EBC092282A2F12EA',
    participant: undefined
  },
  messageTimestamp: 1674786663,
  pushName: 'Joel Nicolas Sartori',
  message: Message {
    messageContextInfo: MessageContextInfo {
      deviceListMetadata: [DeviceListMetadata],
      deviceListMetadataVersion: 2
    },
    buttonsResponseMessage: ButtonsResponseMessage {
      selectedButtonId: 'id-btn-1',
      selectedDisplayText: '2 - SIRFETCHD',
      contextInfo: [ContextInfo],
      type: 1
    }
  },
  body: '2 - SIRFETCHD',
  from: '5493764861704'
}
[handleMsg]:  {
  key: {
    remoteJid: '5493764861704@s.whatsapp.net',
    fromMe: false,
    id: '3EB09E3EF1BB3A5B382A',
    participant: undefined
  },
  messageTimestamp: 1674786668,
  pushName: 'Joel Nicolas Sartori',
  message: Message {
    messageContextInfo: MessageContextInfo {
      deviceListMetadata: [DeviceListMetadata],
      deviceListMetadataVersion: 2
    },
    buttonsResponseMessage: ButtonsResponseMessage {
      selectedButtonId: 'id-btn-2',
      selectedDisplayText: '3 - VENOMOTH',
      contextInfo: [ContextInfo],
      type: 1
    }
  },
  body: '3 - VENOMOTH',
  from: '5493764861704'
}
